<?xml version="1.0" encoding="utf-8"?><testsuites name="pytest tests"><testsuite name="pytest" errors="0" failures="0" skipped="0" tests="11" time="3.816" timestamp="2026-06-24T08:58:41.553804+00:00" hostname="agent-env-eff3265a-1af0-4194-834b-23341a1e8664"><testcase classname="backend.tests.test_medibook_api" name="test_root" time="0.269" /><testcase classname="backend.tests.test_medibook_api" name="test_list_practitioners" time="0.126" /><testcase classname="backend.tests.test_medibook_api" name="test_specialties" time="0.128" /><testcase classname="backend.tests.test_medibook_api" name="test_get_practitioner_and_availabilities" time="0.326" /><testcase classname="backend.tests.test_medibook_api" name="test_register_and_logout" time="0.550" /><testcase classname="backend.tests.test_medibook_api" name="test_login_patient" time="0.363" /><testcase classname="backend.tests.test_medibook_api" name="test_login_bad" time="0.325" /><testcase classname="backend.tests.test_medibook_api" name="test_book_and_conflict_and_cancel" time="0.818" /><testcase classname="backend.tests.test_medibook_api" name="test_practitioner_blocked_from_booking" time="0.552" /><testcase classname="backend.tests.test_medibook_api" name="test_practitioner_me_endpoints" time="0.142" /><testcase classname="backend.tests.test_medibook_api" name="test_unauth_appointments" time="0.124" /></testsuite></testsuites>