<?xml version="1.0" encoding="utf-8"?><testsuites name="pytest tests"><testsuite name="pytest" errors="0" failures="1" skipped="0" tests="11" time="3.777" timestamp="2026-06-24T08:22:28.086619+00:00" hostname="agent-env-eff3265a-1af0-4194-834b-23341a1e8664"><testcase classname="backend.tests.test_medibook_api" name="test_root" time="0.181" /><testcase classname="backend.tests.test_medibook_api" name="test_list_practitioners" time="0.134" /><testcase classname="backend.tests.test_medibook_api" name="test_specialties" time="0.101" /><testcase classname="backend.tests.test_medibook_api" name="test_get_practitioner_and_availabilities" time="0.306" /><testcase classname="backend.tests.test_medibook_api" name="test_register_and_logout" time="0.320"><failure message="AssertionError: assert 'test_user_17...8@example.com' == 'TEST_user_17...8@example.com'&#10;  &#10;  - TEST_user_1782289348@example.com&#10;  ? ^^^^&#10;  + test_user_1782289348@example.com&#10;  ? ^^^^">backend/tests/test_medibook_api.py:77: in test_register_and_logout
    assert user["email"] == email
E   AssertionError: assert 'test_user_17...8@example.com' == 'TEST_user_17...8@example.com'
E     
E     - TEST_user_1782289348@example.com
E     ? ^^^^
E     + test_user_1782289348@example.com
E     ? ^^^^</failure></testcase><testcase classname="backend.tests.test_medibook_api" name="test_login_patient" time="0.399" /><testcase classname="backend.tests.test_medibook_api" name="test_login_bad" time="0.346" /><testcase classname="backend.tests.test_medibook_api" name="test_book_and_conflict_and_cancel" time="0.966" /><testcase classname="backend.tests.test_medibook_api" name="test_practitioner_blocked_from_booking" time="0.560" /><testcase classname="backend.tests.test_medibook_api" name="test_practitioner_me_endpoints" time="0.207" /><testcase classname="backend.tests.test_medibook_api" name="test_unauth_appointments" time="0.094" /></testsuite></testsuites>